<?xml version="1.0" encoding="UTF-8"?>
<!-- Generated by org.testng.reporters.JUnitReportReporter -->
<testsuite skipped="0" hostname="LAPTOP-L45CF4AI" name="Zmartasweden.Zmartasweden.Zmarta_se" tests="1" failures="0" timestamp="22 Jan 2018 04:07:50 GMT" time="2.357" errors="0">
  <testcase name="VerifyLoan" time="2.357" classname="Zmartasweden.Zmartasweden.Zmarta_se"/>
</testsuite> <!-- Zmartasweden.Zmartasweden.Zmarta_se -->
