<?xml version="1.0" encoding="UTF-8"?>
<!-- Generated by org.testng.reporters.JUnitReportReporter -->
<testsuite skipped="0" hostname="LAPTOP-L45CF4AI" name="Zmartasweden.Zmartasweden.Zmarta_se" tests="5" failures="0" timestamp="29 Jan 2018 13:35:28 GMT" time="86.834" errors="0">
  <testcase name="VerifyPersonalInfo3" time="7.632" classname="Zmartasweden.Zmartasweden.Zmarta_se"/>
  <testcase name="VerifyPersonalInfo2" time="35.717" classname="Zmartasweden.Zmartasweden.Zmarta_se"/>
  <testcase name="VerifyLoan" time="17.693" classname="Zmartasweden.Zmartasweden.Zmarta_se"/>
  <testcase name="VerifyPersonalInfo" time="17.264" classname="Zmartasweden.Zmartasweden.Zmarta_se"/>
  <testcase name="VerifyPersonalInfo1" time="8.528" classname="Zmartasweden.Zmartasweden.Zmarta_se"/>
</testsuite> <!-- Zmartasweden.Zmartasweden.Zmarta_se -->
