<?xml version="1.0" encoding="UTF-8"?>
<!-- Generated by org.testng.reporters.JUnitReportReporter -->
<testsuite skipped="0" hostname="LAPTOP-L45CF4AI" name="Zmartasweden.Zmartasweden.Zmarta_se" tests="6" failures="0" timestamp="05 Feb 2018 05:53:32 GMT" time="101.901" errors="0">
  <testcase name="VerifyPageTitle" time="0.079" classname="Zmartasweden.Zmartasweden.Zmarta_se"/>
  <testcase name="VerifyLoan" time="17.298" classname="Zmartasweden.Zmartasweden.Zmarta_se"/>
  <testcase name="VerifyPersonalInfo" time="27.636" classname="Zmartasweden.Zmartasweden.Zmarta_se"/>
  <testcase name="VerifyMaritalstatus" time="10.745" classname="Zmartasweden.Zmartasweden.Zmarta_se"/>
  <testcase name="VerifyEmploymentInfo" time="35.834" classname="Zmartasweden.Zmartasweden.Zmarta_se"/>
  <testcase name="VerifyFinalLoan" time="10.309" classname="Zmartasweden.Zmartasweden.Zmarta_se"/>
</testsuite> <!-- Zmartasweden.Zmartasweden.Zmarta_se -->
