<?xml version="1.0" encoding="UTF-8"?>
<!-- Generated by org.testng.reporters.JUnitReportReporter -->
<testsuite skipped="0" hostname="LAPTOP-L45CF4AI" name="Zmartasweden.Zmartasweden.Zmarta_se" tests="5" failures="0" timestamp="30 Jan 2018 06:17:48 GMT" time="79.005" errors="0">
  <testcase name="VerifyPersonalInfo2" time="34.599" classname="Zmartasweden.Zmartasweden.Zmarta_se"/>
  <testcase name="VerifyPersonalInfo3" time="9.810" classname="Zmartasweden.Zmartasweden.Zmarta_se"/>
  <testcase name="VerifyPersonalInfo1" time="10.556" classname="Zmartasweden.Zmartasweden.Zmarta_se"/>
  <testcase name="VerifyLoan" time="12.484" classname="Zmartasweden.Zmartasweden.Zmarta_se"/>
  <testcase name="VerifyPersonalInfo" time="11.556" classname="Zmartasweden.Zmartasweden.Zmarta_se"/>
</testsuite> <!-- Zmartasweden.Zmartasweden.Zmarta_se -->
