<?xml version="1.0" encoding="UTF-8"?>
<!-- Generated by org.testng.reporters.JUnitReportReporter -->
<testsuite skipped="0" hostname="LAPTOP-L45CF4AI" name="Zmartasweden.Zmartasweden.Zmarta_se" tests="6" failures="0" timestamp="05 Feb 2018 06:09:22 GMT" time="89.666" errors="0">
  <testcase name="VerifyPageTitle" time="0.025" classname="Zmartasweden.Zmartasweden.Zmarta_se"/>
  <testcase name="VerifyLoan" time="21.035" classname="Zmartasweden.Zmartasweden.Zmarta_se"/>
  <testcase name="VerifyPersonalInfo" time="13.056" classname="Zmartasweden.Zmartasweden.Zmarta_se"/>
  <testcase name="VerifyMaritalstatus" time="10.596" classname="Zmartasweden.Zmartasweden.Zmarta_se"/>
  <testcase name="VerifyEmploymentInfo" time="34.845" classname="Zmartasweden.Zmartasweden.Zmarta_se"/>
  <testcase name="VerifyFinalLoan" time="10.109" classname="Zmartasweden.Zmartasweden.Zmarta_se"/>
</testsuite> <!-- Zmartasweden.Zmartasweden.Zmarta_se -->
