<?xml version="1.0" encoding="UTF-8"?>
<!-- Generated by org.testng.reporters.JUnitReportReporter -->
<testsuite skipped="0" hostname="LAPTOP-L45CF4AI" name="Zmartasweden.Zmartasweden.Zmarta_se" tests="4" failures="0" timestamp="25 Jan 2018 09:24:22 GMT" time="59.803" errors="0">
  <testcase name="VerifyPersonalInfo2" time="30.027" classname="Zmartasweden.Zmartasweden.Zmarta_se"/>
  <testcase name="VerifyLoan" time="12.746" classname="Zmartasweden.Zmartasweden.Zmarta_se"/>
  <testcase name="VerifyPersonalInfo" time="11.743" classname="Zmartasweden.Zmartasweden.Zmarta_se"/>
  <testcase name="VerifyPersonalInfo1" time="5.287" classname="Zmartasweden.Zmartasweden.Zmarta_se"/>
</testsuite> <!-- Zmartasweden.Zmartasweden.Zmarta_se -->
